ERROR:root:FIXME: Unimplemented - put('list', 'A sequence of things - created using []')
ERROR:root:FIXME: Unimplemented - put('list', 'A sequence of things - created using []')
ERROR:root:FIXME: Unimplemented - get('list')
INFO:root:Starting snippets app
INFO:root:Starting snippets app
INFO:root:Constructing parser
INFO:root:Starting snippets app
INFO:root:Constructing parser
INFO:root:Starting snippets app
INFO:root:Starting snippets app
INFO:root:Constructing parser
INFO:root:Starting snippets app
ERROR:root:FIXME: Unimplemented - put('list', ' A sequence of things -created using []')
ERROR:root:FIXME: Unimplemented - get('list')
ERROR:root:FIXME: Unimplemented - put('Health', ' What you have when you are healthy - created using Death')
INFO:root:Starting snippets app
INFO:root:Constructing parser
INFO:root:Starting snippets app
ERROR:root:FIXME: Unimplemented - get('list')
INFO:root:Starting snippets app
INFO:root:Constructing parser
INFO:root:Starting snippets app
INFO:root:Constructing parser
DEBUG:root:Constructing put subparser
INFO:root:Starting snippets app
INFO:root:Constructing parser
INFO:root:Starting snippets app
INFO:root:Constructing parser
INFO:root:Starting snippets app
INFO:root:Constructing parser
INFO:root:Starting snippets app
INFO:root:Constructing parser
INFO:root:Starting snippets app
INFO:root:Constructing parser
INFO:root:Starting snippets app
INFO:root:Constructing parser
INFO:root:Starting snippets app
INFO:root:Constructing parser
INFO:root:Starting snippets app
INFO:root:Constructing parser
INFO:root:Starting snippets app
INFO:root:Constructing parser
INFO:root:Starting snippets app
INFO:root:Constructing parser
INFO:root:Starting snippets app
INFO:root:Constructing parser
INFO:root:Starting snippets app
INFO:root:Constructing parser
DEBUG:root:Constructing put subparser
DEBUG:root:Constructing get subparser
INFO:root:Starting snippets app
INFO:root:Constructing parser
DEBUG:root:Constructing put subparser
DEBUG:root:Constructing get subparser
INFO:root:Starting snippets app
INFO:root:Constructing parser
DEBUG:root:Constructing put subparser
DEBUG:root:Constructing get subparser
INFO:root:Starting snippets app
INFO:root:Constructing parser
DEBUG:root:Constructing put subparser
DEBUG:root:Constructing get subparser
